


ARM Macro Assembler    Page 1 


    1 00000000                 AREA             ARMex, CODE, READONLY
    2 00000000                 ENTRY
    3 00000000         
    4 00000000         Start
    5 00000000         
    6 00000000 E59F1050        LDR              r1, TEMP    ;Load TEMP->r1
    7 00000004         
    8 00000004 E3A00007        MOV              r0, #0x07
    9 00000008 E5C10000        STRB             r0, [r1]    ;TEMP->0x07 save
   10 0000000C E3A0000A        MOV              r0, #0x0A
   11 00000010 E5C10001        STRB             r0, [r1, #1] ;TEMP+1->0x0A07 sa
                                                            ve
   12 00000014 E3A0000B        MOV              r0, #0x0B
   13 00000018 E5C10002        STRB             r0, [r1, #2] ;TEMP+2->0x0B0A07 
                                                            save
   14 0000001C         
   15 0000001C         
   16 0000001C         
   17 0000001C         
   18 0000001C E5D14000        LDRB             r4, [r1]    ;r0->TEMP( 0x07 )Lo
                                                            ad
   19 00000020 E354000A        CMP              r4, #10
   20 00000024         
   21 00000024 03A05003        MOVEQ            r5, #3      ;if r4 = 10, r5 = 3
                                                            
   22 00000028 B3A05002        MOVLT            r5, #2      ;if r4 < 10, r5 = 2
                                                            
   23 0000002C C3A05001        MOVGT            r5, #1      ;if r4 > 10, r5 = 1
                                                            
   24 00000030         
   25 00000030 E5D14001        LDRB             r4, [r1, #1] ;r0->TEMP+1( 0x0A 
                                                            ) Load
   26 00000034 E354000A        CMP              r4, #10
   27 00000038         
   28 00000038 03A05003        MOVEQ            r5, #3      ;if r4 = 10, r5 = 3
                                                            
   29 0000003C B3A05002        MOVLT            r5, #2      ;if r4 < 10, r5 = 2
                                                            
   30 00000040 C3A05001        MOVGT            r5, #1      ;if r4 > 10, r5 = 1
                                                            
   31 00000044         
   32 00000044 E5D14002        LDRB             r4, [r1, #2] ;r0->TEMP( 0x0B )L
                                                            oad
   33 00000048 E354000A        CMP              r4, #10
   34 0000004C         
   35 0000004C 03A05003        MOVEQ            r5, #3      ;if r4 = 10, r5 = 3
                                                            
   36 00000050 B3A05002        MOVLT            r5, #2      ;if r4 < 10, r5 = 2
                                                            
   37 00000054 C3A05001        MOVGT            r5, #1      ;if r4 > 10, r5 = 1
                                                            
   38 00000058         
   39 00000058         
   40 00000058 00040000 
                       TEMP    &                &0040000    ;address of TEMP
   41 0000005C         
   42 0000005C E1A0F00E        MOV              pc, lr
   43 00000060                 END
Command Line: --debug --xref --diag_suppress=9931 --cpu=ARM9E --apcs=interwork 



ARM Macro Assembler    Page 2 


--depend=.\objects\assignment_1_1.d -o.\objects\assignment_1_1.o -IC:\Keil_v5\A
RM\RV31\INC -IC:\Keil_v5\ARM\CMSIS\Include --predefine="__EVAL SETA 1" --predef
ine="__UVISION_VERSION SETA 521" --list=.\listings\assignment_1_1.lst assignmen
t_1_1.s



ARM Macro Assembler    Page 1 Alphabetic symbol ordering
Relocatable symbols

ARMex 00000000

Symbol: ARMex
   Definitions
      At line 1 in file assignment_1_1.s
   Uses
      None
Comment: ARMex unused
Start 00000000

Symbol: Start
   Definitions
      At line 4 in file assignment_1_1.s
   Uses
      None
Comment: Start unused
TEMP 00000058

Symbol: TEMP
   Definitions
      At line 40 in file assignment_1_1.s
   Uses
      At line 6 in file assignment_1_1.s
Comment: TEMP used once
3 symbols
335 symbols in table
