


ARM Macro Assembler    Page 1 


    1 00000000                 AREA             ARMex, CODE, READONLY
    2 00000000                 ENTRY
    3 00000000         
    4 00000000         Start
    5 00000000 E3A00001        MOV              r0, #1      ;Set data at r0 ~ r
                                                            3
    6 00000004 E3A01002        MOV              r1, #2
    7 00000008 E3A02003        MOV              r2, #3
    8 0000000C E3A03004        MOV              r3, #4
    9 00000010 E59F4024        LDR              r4, TEMP    ;Load Temp->r4
   10 00000014         
   11 00000014 E5C40000        STRB             r0, [r4]    ;Store 0x01 at TEMP
                                                             
   12 00000018 E5C41001        STRB             r1, [r4, #1] ;Store 0x02 at TEM
                                                            P+1
   13 0000001C E5C42002        STRB             r2, [r4, #2] ;Store 0x03 at TEM
                                                            P+2
   14 00000020 E5C43003        STRB             r3, [r4, #3] ;Store 0x04 at TEM
                                                            P+3
   15 00000024         
   16 00000024 E5945000        LDR              r5, [r4]    ;r5 = 0x04030201
   17 00000028         
   18 00000028 E5C43000        STRB             r3, [r4]    ;Store 0x04 at TEMP
                                                            
   19 0000002C E5C42001        STRB             r2, [r4, #1] ;Store 0x03 at TEM
                                                            P+1
   20 00000030 E5C41002        STRB             r1, [r4, #2] ;Store 0x02 at TEM
                                                            P+2
   21 00000034 E5C40003        STRB             r0, [r4, #3] ;Store 0x01 at TEM
                                                            P+3
   22 00000038         
   23 00000038 E5946000        LDR              r6, [r4]    ;r6 = 0x01020304
   24 0000003C         
   25 0000003C         
   26 0000003C         
   27 0000003C 00040000 
                       TEMP    &                &00040000   ;Address of TEMP
   28 00000040 E1A0F00E        MOV              pc, lr
   29 00000044         
   30 00000044                 END
Command Line: --debug --xref --diag_suppress=9931 --cpu=ARM9E --apcs=interwork 
--depend=.\objects\assignment1_2.d -o.\objects\assignment1_2.o -IC:\Keil_v5\ARM
\RV31\INC -IC:\Keil_v5\ARM\CMSIS\Include --predefine="__EVAL SETA 1" --predefin
e="__UVISION_VERSION SETA 521" --list=.\listings\assignment1_2.lst assignment1_
2.s



ARM Macro Assembler    Page 1 Alphabetic symbol ordering
Relocatable symbols

ARMex 00000000

Symbol: ARMex
   Definitions
      At line 1 in file assignment1_2.s
   Uses
      None
Comment: ARMex unused
Start 00000000

Symbol: Start
   Definitions
      At line 4 in file assignment1_2.s
   Uses
      None
Comment: Start unused
TEMP 0000003C

Symbol: TEMP
   Definitions
      At line 27 in file assignment1_2.s
   Uses
      At line 9 in file assignment1_2.s
Comment: TEMP used once
3 symbols
335 symbols in table
